This is pdfTeX, Version 3.14159265-2.6-1.40.20 (TeX Live 2019) (preloaded format=pdftex 2019.5.10)  8 APR 2020 17:50
entering extended mode
 restricted \write18 enabled.
 %&-line parsing enabled.
**exercises.tex
(./exercises.tex Section 3, Exercise 1  Section 4, Exercise 1 
Section 5, Some easy exercises  [1{/opt/texlive/2019/texmf-var/fonts/map/pdftex
/updmap/pdftex.map}] [2] Section 5, Exercise 1  Section 5, Exercise 2  [3]
[4] [5] Section 6, A non-trivial exercise  Section 6, Exercise 1  [6]
Section 7, Exercise 1  [7] )</opt/texlive/2019/texmf-dist/fonts/type1/public/am
sfonts/cm/cmbx10.pfb></opt/texlive/2019/texmf-dist/fonts/type1/public/amsfonts/
cm/cmex10.pfb></opt/texlive/2019/texmf-dist/fonts/type1/public/amsfonts/cm/cmmi
10.pfb></opt/texlive/2019/texmf-dist/fonts/type1/public/amsfonts/cm/cmmi7.pfb><
/opt/texlive/2019/texmf-dist/fonts/type1/public/amsfonts/cm/cmr10.pfb></opt/tex
live/2019/texmf-dist/fonts/type1/public/amsfonts/cm/cmr7.pfb></opt/texlive/2019
/texmf-dist/fonts/type1/public/amsfonts/cm/cmsy10.pfb></opt/texlive/2019/texmf-
dist/fonts/type1/public/amsfonts/cm/cmsy7.pfb>
Output written on exercises.pdf (7 pages, 105663 bytes).
PDF statistics:
 60 PDF objects out of 1000 (max. 8388607)
 42 compressed objects within 1 object stream
 0 named destinations out of 1000 (max. 500000)
 1 words of extra memory for PDF output out of 10000 (max. 10000000)

